Arguments: 
  /usr/local/bin/node /usr/local/bin/yarn install

PATH: 
  /usr/local/bin:/usr/bin:/bin:/usr/sbin:/sbin:/Library/Apple/usr/bin

Yarn version: 
  1.17.3

Node version: 
  14.15.4

Platform: 
  darwin x64

Trace: 
  Error: getaddrinfo ENOTFOUND registry.yarnpkg.com
      at GetAddrInfoReqWrap.onlookup [as oncomplete] (dns.js:67:26)

npm manifest: 
  {
    "name": "webpack-demo",
    "version": "1.0.0",
    "description": "",
    "main": "index.js",
    "scripts": {
      "analyse": "webpack --config ./config/webpack.analyse.js --profile --json > stats.json",
      "start": "webpack-dev-server --config ./config/webpack.dev.js",
      "build:test": "webpack --config ./config/webpack.test.js",
      "build:baolei": "webpack --config ./config/webpack.baolei.js",
      "build:prod": "webpack --config ./config/webpack.prod.js"
    },
    "author": "",
    "license": "ISC",
    "devDependencies": {
      "@babel/cli": "^7.10.1",
      "@babel/core": "^7.10.2",
      "@babel/plugin-proposal-class-properties": "^7.10.1",
      "@babel/plugin-proposal-decorators": "^7.10.1",
      "@babel/plugin-transform-runtime": "^7.10.1",
      "@babel/polyfill": "^7.10.1",
      "@babel/preset-env": "^7.10.2",
      "@babel/preset-react": "^7.10.1",
      "@babel/runtime": "^7.10.2",
      "babel-loader": "^8.1.0",
      "clean-webpack-plugin": "^3.0.0",
      "css-loader": "^3.5.3",
      "extract-text-webpack-plugin": "^3.0.2",
      "file-loader": "^6.0.0",
      "html-webpack-plugin": "^4.3.0",
      "less-loader": "^6.1.0",
      "style-loader": "^1.2.1",
      "ts-loader": "^7.0.5",
      "typescript": "^3.9.5",
      "uglifyjs-webpack-plugin": "^2.2.0",
      "url-loader": "^4.1.0",
      "webpack": "^4.43.0",
      "webpack-bundle-analyzer": "^3.8.0",
      "webpack-cli": "^3.3.11",
      "webpack-dev-server": "^3.11.0",
      "webpack-merge": "^4.2.2",
      "workbox-webpack-plugin": "^5.1.3"
    },
    "sideEffects": [
      "*.css"
    ],
    "dependencies": {
      "lodash": "^4.17.15",
      "react": "^16.12.0",
      "react-copy-to-clipboard": "~5.0.1",
      "react-dom": "^16.5.2",
      "react-hot-loader": "^4.12.18",
      "react-redux": "~5.0.6",
      "react-router": "3.2.0",
      "react-router-redux": "~4.0.5",
      "redux": "~3.7.2",
      "redux-actions": "~2.2.1",
      "redux-mock-store": "^1.5.3",
      "redux-thunk": "~2.2.0",
      "require": "^2.4.20"
    },
    "browserslist": {
      "production": [
        ">0.2%",
        "not dead",
        "not op_mini all"
      ],
      "development": [
        "last 1 chrome version",
        "last 1 firefox version",
        "last 1 safari version"
      ]
    }
  }

yarn manifest: 
  No manifest

Lockfile: 
  No lockfile
